<?xml version="1.0" encoding="UTF-8"?>
<testsuites>
  <testsuite name="/home/ronan/dev/php/home-cloud/phpunit.dist.xml" tests="10" assertions="8" errors="3" failures="4" skipped="0" time="0.339270">
    <testsuite name="Project Test Suite" tests="10" assertions="8" errors="3" failures="4" skipped="0" time="0.339270">
      <testsuite name="App\Tests\Api\PrivateSpaceCrudTest" file="/home/ronan/dev/php/home-cloud/tests/Api/PrivateSpaceCrudTest.php" tests="9" assertions="7" errors="3" failures="4" skipped="0" time="0.324732">
        <testcase name="testCreatePrivateSpace" file="/home/ronan/dev/php/home-cloud/tests/Api/PrivateSpaceCrudTest.php" line="12" class="App\Tests\Api\PrivateSpaceCrudTest" classname="App.Tests.Api.PrivateSpaceCrudTest" assertions="1" time="0.190810">
          <failure type="PHPUnit\Framework\ExpectationFailedException">App\Tests\Api\PrivateSpaceCrudTest::testCreatePrivateSpace
Failed asserting that the Response status code is 201.
HTTP/1.1 415 Unsupported Media Type&#13;
Cache-Control:          no-cache, private&#13;
Content-Type:           application/problem+json; charset=utf-8&#13;
Date:                   Thu, 21 Aug 2025 08:40:51 GMT&#13;
Link:                   &lt;http://www.w3.org/ns/hydra/error&gt;; rel="http://www.w3.org/ns/json-ld#error",&lt;http://localhost/api/docs.jsonld&gt;; rel="http://www.w3.org/ns/hydra/core#apiDocumentation"&#13;
Vary:                   Accept&#13;
X-Content-Type-Options: nosniff&#13;
X-Frame-Options:        deny&#13;
X-Robots-Tag:           noindex&#13;
&#13;
{"@context":"\/api\/contexts\/Error","@id":"\/api\/errors\/415","@type":"Error","title":"An error occurred","detail":"The content-type \u0022application\/json\u0022 is not supported. Supported MIME types are \u0022application\/ld+json\u0022.","status":415,"type":"\/errors\/415","trace":[{"file":"\/home\/ronan\/dev\/php\/home-cloud\/vendor\/api-platform\/state\/Provider\/ContentNegotiationProvider.php","line":48,"function":"getInputFormat","class":"ApiPlatform\\State\\Provider\\ContentNegotiationProvider","type":"-\u003E"},{"file":"\/home\/ronan\/dev\/php\/home-cloud\/vendor\/api-platform\/symfony\/Controller\/MainController.php","line":83,"function":"provide","class":"ApiPlatform\\State\\Provider\\ContentNegotiationProvider","type":"-\u003E"},{"file":"\/home\/ronan\/dev\/php\/home-cloud\/vendor\/symfony\/http-kernel\/HttpKernel.php","line":183,"function":"__invoke","class":"ApiPlatform\\Symfony\\Controller\\MainController","type":"-\u003E"},{"file":"\/home\/ronan\/dev\/php\/home-cloud\/vendor\/symfony\/http-kernel\/HttpKernel.php","line":76,"function":"handleRaw","class":"Symfony\\Component\\HttpKernel\\HttpKernel","type":"-\u003E"},{"file":"\/home\/ronan\/dev\/php\/home-cloud\/vendor\/symfony\/http-kernel\/Kernel.php","line":182,"function":"handle","class":"Symfony\\Component\\HttpKernel\\HttpKernel","type":"-\u003E"},{"file":"\/home\/ronan\/dev\/php\/home-cloud\/vendor\/symfony\/http-kernel\/HttpKernelBrowser.php","line":62,"function":"handle","class":"Symfony\\Component\\HttpKernel\\Kernel","type":"-\u003E"},{"file":"\/home\/ronan\/dev\/php\/home-cloud\/vendor\/symfony\/framework-bundle\/KernelBrowser.php","line":157,"function":"doRequest","class":"Symfony\\Component\\HttpKernel\\HttpKernelBrowser","type":"-\u003E"},{"file":"\/home\/ronan\/dev\/php\/home-cloud\/vendor\/symfony\/browser-kit\/AbstractBrowser.php","line":378,"function":"doRequest","class":"Symfony\\Bundle\\FrameworkBundle\\KernelBrowser","type":"-\u003E"},{"file":"\/home\/ronan\/dev\/php\/home-cloud\/vendor\/api-platform\/symfony\/Bundle\/Test\/Client.php","line":115,"function":"request","class":"Symfony\\Component\\BrowserKit\\AbstractBrowser","type":"-\u003E"},{"file":"\/home\/ronan\/dev\/php\/home-cloud\/tests\/Api\/PrivateSpaceCrudTest.php","line":14,"function":"request","class":"ApiPlatform\\Symfony\\Bundle\\Test\\Client","type":"-\u003E"},{"file":"\/home\/ronan\/dev\/php\/home-cloud\/vendor\/phpunit\/phpunit\/src\/Framework\/TestCase.php","line":1316,"function":"testCreatePrivateSpace","class":"App\\Tests\\Api\\PrivateSpaceCrudTest","type":"-\u003E"},{"file":"\/home\/ronan\/dev\/php\/home-cloud\/vendor\/phpunit\/phpunit\/src\/Framework\/TestCase.php","line":516,"function":"runTest","class":"PHPUnit\\Framework\\TestCase","type":"-\u003E"},{"file":"\/home\/ronan\/dev\/php\/home-cloud\/vendor\/phpunit\/phpunit\/src\/Framework\/TestRunner\/TestRunner.php","line":99,"function":"runBare","class":"PHPUnit\\Framework\\TestCase","type":"-\u003E"},{"file":"\/home\/ronan\/dev\/php\/home-cloud\/vendor\/phpunit\/phpunit\/src\/Framework\/TestCase.php","line":357,"function":"run","class":"PHPUnit\\Framework\\TestRunner","type":"-\u003E"},{"file":"\/home\/ronan\/dev\/php\/home-cloud\/vendor\/phpunit\/phpunit\/src\/Framework\/TestSuite.php","line":374,"function":"run","class":"PHPUnit\\Framework\\TestCase","type":"-\u003E"},{"file":"\/home\/ronan\/dev\/php\/home-cloud\/vendor\/phpunit\/phpunit\/src\/Framework\/TestSuite.php","line":374,"function":"run","class":"PHPUnit\\Framework\\TestSuite","type":"-\u003E"},{"file":"\/home\/ronan\/dev\/php\/home-cloud\/vendor\/phpunit\/phpunit\/src\/Framework\/TestSuite.php","line":374,"function":"run","class":"PHPUnit\\Framework\\TestSuite","type":"-\u003E"},{"file":"\/home\/ronan\/dev\/php\/home-cloud\/vendor\/phpunit\/phpunit\/src\/TextUI\/TestRunner.php","line":64,"function":"run","class":"PHPUnit\\Framework\\TestSuite","type":"-\u003E"},{"file":"\/home\/ronan\/dev\/php\/home-cloud\/vendor\/phpunit\/phpunit\/src\/TextUI\/Application.php","line":229,"function":"run","class":"PHPUnit\\TextUI\\TestRunner","type":"-\u003E"},{"file":"\/home\/ronan\/dev\/php\/home-cloud\/vendor\/phpunit\/phpunit\/phpunit","line":104,"function":"run","class":"PHPUnit\\TextUI\\Application","type":"-\u003E"},{"file":"\/home\/ronan\/dev\/php\/home-cloud\/bin\/phpunit","line":10,"function":"require"}],"description":"The content-type \u0022application\/json\u0022 is not supported. Supported MIME types are \u0022application\/ld+json\u0022."}

/home/ronan/dev/php/home-cloud/vendor/symfony/framework-bundle/Test/BrowserKitAssertionsTrait.php:148
/home/ronan/dev/php/home-cloud/vendor/symfony/framework-bundle/Test/BrowserKitAssertionsTrait.php:38
/home/ronan/dev/php/home-cloud/tests/Api/PrivateSpaceCrudTest.php:20
/home/ronan/dev/php/home-cloud/vendor/phpunit/phpunit/phpunit:104</failure>
        </testcase>
        <testcase name="testCreatePrivateSpaceInvalid" file="/home/ronan/dev/php/home-cloud/tests/Api/PrivateSpaceCrudTest.php" line="24" class="App\Tests\Api\PrivateSpaceCrudTest" classname="App.Tests.Api.PrivateSpaceCrudTest" assertions="1" time="0.014226">
          <failure type="PHPUnit\Framework\ExpectationFailedException">App\Tests\Api\PrivateSpaceCrudTest::testCreatePrivateSpaceInvalid
Failed asserting that the Response status code is 422.
HTTP/1.1 415 Unsupported Media Type&#13;
Cache-Control:          no-cache, private&#13;
Content-Type:           application/problem+json; charset=utf-8&#13;
Date:                   Thu, 21 Aug 2025 08:40:51 GMT&#13;
Link:                   &lt;http://www.w3.org/ns/hydra/error&gt;; rel="http://www.w3.org/ns/json-ld#error",&lt;http://localhost/api/docs.jsonld&gt;; rel="http://www.w3.org/ns/hydra/core#apiDocumentation"&#13;
Vary:                   Accept&#13;
X-Content-Type-Options: nosniff&#13;
X-Frame-Options:        deny&#13;
X-Robots-Tag:           noindex&#13;
&#13;
{"@context":"\/api\/contexts\/Error","@id":"\/api\/errors\/415","@type":"Error","title":"An error occurred","detail":"The content-type \u0022application\/json\u0022 is not supported. Supported MIME types are \u0022application\/ld+json\u0022.","status":415,"type":"\/errors\/415","trace":[{"file":"\/home\/ronan\/dev\/php\/home-cloud\/vendor\/api-platform\/state\/Provider\/ContentNegotiationProvider.php","line":48,"function":"getInputFormat","class":"ApiPlatform\\State\\Provider\\ContentNegotiationProvider","type":"-\u003E"},{"file":"\/home\/ronan\/dev\/php\/home-cloud\/vendor\/api-platform\/symfony\/Controller\/MainController.php","line":83,"function":"provide","class":"ApiPlatform\\State\\Provider\\ContentNegotiationProvider","type":"-\u003E"},{"file":"\/home\/ronan\/dev\/php\/home-cloud\/vendor\/symfony\/http-kernel\/HttpKernel.php","line":183,"function":"__invoke","class":"ApiPlatform\\Symfony\\Controller\\MainController","type":"-\u003E"},{"file":"\/home\/ronan\/dev\/php\/home-cloud\/vendor\/symfony\/http-kernel\/HttpKernel.php","line":76,"function":"handleRaw","class":"Symfony\\Component\\HttpKernel\\HttpKernel","type":"-\u003E"},{"file":"\/home\/ronan\/dev\/php\/home-cloud\/vendor\/symfony\/http-kernel\/Kernel.php","line":182,"function":"handle","class":"Symfony\\Component\\HttpKernel\\HttpKernel","type":"-\u003E"},{"file":"\/home\/ronan\/dev\/php\/home-cloud\/vendor\/symfony\/http-kernel\/HttpKernelBrowser.php","line":62,"function":"handle","class":"Symfony\\Component\\HttpKernel\\Kernel","type":"-\u003E"},{"file":"\/home\/ronan\/dev\/php\/home-cloud\/vendor\/symfony\/framework-bundle\/KernelBrowser.php","line":157,"function":"doRequest","class":"Symfony\\Component\\HttpKernel\\HttpKernelBrowser","type":"-\u003E"},{"file":"\/home\/ronan\/dev\/php\/home-cloud\/vendor\/symfony\/browser-kit\/AbstractBrowser.php","line":378,"function":"doRequest","class":"Symfony\\Bundle\\FrameworkBundle\\KernelBrowser","type":"-\u003E"},{"file":"\/home\/ronan\/dev\/php\/home-cloud\/vendor\/api-platform\/symfony\/Bundle\/Test\/Client.php","line":115,"function":"request","class":"Symfony\\Component\\BrowserKit\\AbstractBrowser","type":"-\u003E"},{"file":"\/home\/ronan\/dev\/php\/home-cloud\/tests\/Api\/PrivateSpaceCrudTest.php","line":26,"function":"request","class":"ApiPlatform\\Symfony\\Bundle\\Test\\Client","type":"-\u003E"},{"file":"\/home\/ronan\/dev\/php\/home-cloud\/vendor\/phpunit\/phpunit\/src\/Framework\/TestCase.php","line":1316,"function":"testCreatePrivateSpaceInvalid","class":"App\\Tests\\Api\\PrivateSpaceCrudTest","type":"-\u003E"},{"file":"\/home\/ronan\/dev\/php\/home-cloud\/vendor\/phpunit\/phpunit\/src\/Framework\/TestCase.php","line":516,"function":"runTest","class":"PHPUnit\\Framework\\TestCase","type":"-\u003E"},{"file":"\/home\/ronan\/dev\/php\/home-cloud\/vendor\/phpunit\/phpunit\/src\/Framework\/TestRunner\/TestRunner.php","line":99,"function":"runBare","class":"PHPUnit\\Framework\\TestCase","type":"-\u003E"},{"file":"\/home\/ronan\/dev\/php\/home-cloud\/vendor\/phpunit\/phpunit\/src\/Framework\/TestCase.php","line":357,"function":"run","class":"PHPUnit\\Framework\\TestRunner","type":"-\u003E"},{"file":"\/home\/ronan\/dev\/php\/home-cloud\/vendor\/phpunit\/phpunit\/src\/Framework\/TestSuite.php","line":374,"function":"run","class":"PHPUnit\\Framework\\TestCase","type":"-\u003E"},{"file":"\/home\/ronan\/dev\/php\/home-cloud\/vendor\/phpunit\/phpunit\/src\/Framework\/TestSuite.php","line":374,"function":"run","class":"PHPUnit\\Framework\\TestSuite","type":"-\u003E"},{"file":"\/home\/ronan\/dev\/php\/home-cloud\/vendor\/phpunit\/phpunit\/src\/Framework\/TestSuite.php","line":374,"function":"run","class":"PHPUnit\\Framework\\TestSuite","type":"-\u003E"},{"file":"\/home\/ronan\/dev\/php\/home-cloud\/vendor\/phpunit\/phpunit\/src\/TextUI\/TestRunner.php","line":64,"function":"run","class":"PHPUnit\\Framework\\TestSuite","type":"-\u003E"},{"file":"\/home\/ronan\/dev\/php\/home-cloud\/vendor\/phpunit\/phpunit\/src\/TextUI\/Application.php","line":229,"function":"run","class":"PHPUnit\\TextUI\\TestRunner","type":"-\u003E"},{"file":"\/home\/ronan\/dev\/php\/home-cloud\/vendor\/phpunit\/phpunit\/phpunit","line":104,"function":"run","class":"PHPUnit\\TextUI\\Application","type":"-\u003E"},{"file":"\/home\/ronan\/dev\/php\/home-cloud\/bin\/phpunit","line":10,"function":"require"}],"description":"The content-type \u0022application\/json\u0022 is not supported. Supported MIME types are \u0022application\/ld+json\u0022."}

/home/ronan/dev/php/home-cloud/vendor/symfony/framework-bundle/Test/BrowserKitAssertionsTrait.php:148
/home/ronan/dev/php/home-cloud/vendor/symfony/framework-bundle/Test/BrowserKitAssertionsTrait.php:38
/home/ronan/dev/php/home-cloud/tests/Api/PrivateSpaceCrudTest.php:31
/home/ronan/dev/php/home-cloud/vendor/phpunit/phpunit/phpunit:104</failure>
        </testcase>
        <testcase name="testGetPrivateSpaceCollection" file="/home/ronan/dev/php/home-cloud/tests/Api/PrivateSpaceCrudTest.php" line="34" class="App\Tests\Api\PrivateSpaceCrudTest" classname="App.Tests.Api.PrivateSpaceCrudTest" assertions="2" time="0.035098">
          <failure type="PHPUnit\Framework\ExpectationFailedException">App\Tests\Api\PrivateSpaceCrudTest::testGetPrivateSpaceCollection
Failed asserting that an array has the subset Array &amp;0 [
    'hydra:member' =&gt; Array &amp;1 [
        0 =&gt; Array &amp;2 [
            'name' =&gt; 'Espace Coll',
        ],
    ],
].
--- Expected
+++ Actual
@@ @@
   'member' =&gt; 
   array (
   ),
-  'hydra:member' =&gt; 
-  array (
-    0 =&gt; 
-    array (
-      'name' =&gt; 'Espace Coll',
-    ),
-  ),
 )

/home/ronan/dev/php/home-cloud/vendor/api-platform/symfony/Bundle/Test/Constraint/ArraySubsetTrait.php:63
/home/ronan/dev/php/home-cloud/vendor/api-platform/symfony/Bundle/Test/Constraint/ArraySubset.php:32
/home/ronan/dev/php/home-cloud/vendor/api-platform/symfony/Bundle/Test/ApiTestAssertionsTrait.php:106
/home/ronan/dev/php/home-cloud/vendor/api-platform/symfony/Bundle/Test/ApiTestAssertionsTrait.php:65
/home/ronan/dev/php/home-cloud/tests/Api/PrivateSpaceCrudTest.php:44
/home/ronan/dev/php/home-cloud/vendor/phpunit/phpunit/phpunit:104</failure>
        </testcase>
        <testcase name="testGetPrivateSpaceItem" file="/home/ronan/dev/php/home-cloud/tests/Api/PrivateSpaceCrudTest.php" line="47" class="App\Tests\Api\PrivateSpaceCrudTest" classname="App.Tests.Api.PrivateSpaceCrudTest" assertions="0" time="0.012851">
          <error type="Symfony\Component\HttpClient\Exception\ClientException">App\Tests\Api\PrivateSpaceCrudTest::testGetPrivateSpaceItem
Symfony\Component\HttpClient\Exception\ClientException: An error occurred

The content-type "application/json" is not supported. Supported MIME types are "application/ld+json".

/home/ronan/dev/php/home-cloud/vendor/api-platform/symfony/Bundle/Test/Response.php:80
/home/ronan/dev/php/home-cloud/vendor/api-platform/symfony/Bundle/Test/Response.php:94
/home/ronan/dev/php/home-cloud/vendor/api-platform/symfony/Bundle/Test/Response.php:125
/home/ronan/dev/php/home-cloud/tests/Api/PrivateSpaceCrudTest.php:56
/home/ronan/dev/php/home-cloud/vendor/phpunit/phpunit/phpunit:104</error>
        </testcase>
        <testcase name="testGetNonExistentPrivateSpace" file="/home/ronan/dev/php/home-cloud/tests/Api/PrivateSpaceCrudTest.php" line="62" class="App\Tests\Api\PrivateSpaceCrudTest" classname="App.Tests.Api.PrivateSpaceCrudTest" assertions="1" time="0.014919"/>
        <testcase name="testUpdatePrivateSpace" file="/home/ronan/dev/php/home-cloud/tests/Api/PrivateSpaceCrudTest.php" line="68" class="App\Tests\Api\PrivateSpaceCrudTest" classname="App.Tests.Api.PrivateSpaceCrudTest" assertions="0" time="0.013604">
          <error type="Symfony\Component\HttpClient\Exception\ClientException">App\Tests\Api\PrivateSpaceCrudTest::testUpdatePrivateSpace
Symfony\Component\HttpClient\Exception\ClientException: An error occurred

The content-type "application/json" is not supported. Supported MIME types are "application/ld+json".

/home/ronan/dev/php/home-cloud/vendor/api-platform/symfony/Bundle/Test/Response.php:80
/home/ronan/dev/php/home-cloud/vendor/api-platform/symfony/Bundle/Test/Response.php:94
/home/ronan/dev/php/home-cloud/vendor/api-platform/symfony/Bundle/Test/Response.php:125
/home/ronan/dev/php/home-cloud/tests/Api/PrivateSpaceCrudTest.php:77
/home/ronan/dev/php/home-cloud/vendor/phpunit/phpunit/phpunit:104</error>
        </testcase>
        <testcase name="testUpdateNonExistentPrivateSpace" file="/home/ronan/dev/php/home-cloud/tests/Api/PrivateSpaceCrudTest.php" line="88" class="App\Tests\Api\PrivateSpaceCrudTest" classname="App.Tests.Api.PrivateSpaceCrudTest" assertions="1" time="0.017107">
          <failure type="PHPUnit\Framework\ExpectationFailedException">App\Tests\Api\PrivateSpaceCrudTest::testUpdateNonExistentPrivateSpace
Failed asserting that the Response status code is 404.
HTTP/1.1 415 Unsupported Media Type&#13;
Cache-Control:          no-cache, private&#13;
Content-Type:           application/problem+json; charset=utf-8&#13;
Date:                   Thu, 21 Aug 2025 08:40:52 GMT&#13;
Link:                   &lt;http://www.w3.org/ns/hydra/error&gt;; rel="http://www.w3.org/ns/json-ld#error",&lt;http://localhost/api/docs.jsonld&gt;; rel="http://www.w3.org/ns/hydra/core#apiDocumentation"&#13;
Vary:                   Accept&#13;
X-Content-Type-Options: nosniff&#13;
X-Frame-Options:        deny&#13;
X-Robots-Tag:           noindex&#13;
&#13;
{"@context":"\/api\/contexts\/Error","@id":"\/api\/errors\/415","@type":"Error","title":"An error occurred","detail":"The content-type \u0022application\/json\u0022 is not supported. Supported MIME types are \u0022application\/ld+json\u0022.","status":415,"type":"\/errors\/415","trace":[{"file":"\/home\/ronan\/dev\/php\/home-cloud\/vendor\/api-platform\/state\/Provider\/ContentNegotiationProvider.php","line":48,"function":"getInputFormat","class":"ApiPlatform\\State\\Provider\\ContentNegotiationProvider","type":"-\u003E"},{"file":"\/home\/ronan\/dev\/php\/home-cloud\/vendor\/api-platform\/symfony\/Controller\/MainController.php","line":83,"function":"provide","class":"ApiPlatform\\State\\Provider\\ContentNegotiationProvider","type":"-\u003E"},{"file":"\/home\/ronan\/dev\/php\/home-cloud\/vendor\/symfony\/http-kernel\/HttpKernel.php","line":183,"function":"__invoke","class":"ApiPlatform\\Symfony\\Controller\\MainController","type":"-\u003E"},{"file":"\/home\/ronan\/dev\/php\/home-cloud\/vendor\/symfony\/http-kernel\/HttpKernel.php","line":76,"function":"handleRaw","class":"Symfony\\Component\\HttpKernel\\HttpKernel","type":"-\u003E"},{"file":"\/home\/ronan\/dev\/php\/home-cloud\/vendor\/symfony\/http-kernel\/Kernel.php","line":182,"function":"handle","class":"Symfony\\Component\\HttpKernel\\HttpKernel","type":"-\u003E"},{"file":"\/home\/ronan\/dev\/php\/home-cloud\/vendor\/symfony\/http-kernel\/HttpKernelBrowser.php","line":62,"function":"handle","class":"Symfony\\Component\\HttpKernel\\Kernel","type":"-\u003E"},{"file":"\/home\/ronan\/dev\/php\/home-cloud\/vendor\/symfony\/framework-bundle\/KernelBrowser.php","line":157,"function":"doRequest","class":"Symfony\\Component\\HttpKernel\\HttpKernelBrowser","type":"-\u003E"},{"file":"\/home\/ronan\/dev\/php\/home-cloud\/vendor\/symfony\/browser-kit\/AbstractBrowser.php","line":378,"function":"doRequest","class":"Symfony\\Bundle\\FrameworkBundle\\KernelBrowser","type":"-\u003E"},{"file":"\/home\/ronan\/dev\/php\/home-cloud\/vendor\/api-platform\/symfony\/Bundle\/Test\/Client.php","line":115,"function":"request","class":"Symfony\\Component\\BrowserKit\\AbstractBrowser","type":"-\u003E"},{"file":"\/home\/ronan\/dev\/php\/home-cloud\/tests\/Api\/PrivateSpaceCrudTest.php","line":90,"function":"request","class":"ApiPlatform\\Symfony\\Bundle\\Test\\Client","type":"-\u003E"},{"file":"\/home\/ronan\/dev\/php\/home-cloud\/vendor\/phpunit\/phpunit\/src\/Framework\/TestCase.php","line":1316,"function":"testUpdateNonExistentPrivateSpace","class":"App\\Tests\\Api\\PrivateSpaceCrudTest","type":"-\u003E"},{"file":"\/home\/ronan\/dev\/php\/home-cloud\/vendor\/phpunit\/phpunit\/src\/Framework\/TestCase.php","line":516,"function":"runTest","class":"PHPUnit\\Framework\\TestCase","type":"-\u003E"},{"file":"\/home\/ronan\/dev\/php\/home-cloud\/vendor\/phpunit\/phpunit\/src\/Framework\/TestRunner\/TestRunner.php","line":99,"function":"runBare","class":"PHPUnit\\Framework\\TestCase","type":"-\u003E"},{"file":"\/home\/ronan\/dev\/php\/home-cloud\/vendor\/phpunit\/phpunit\/src\/Framework\/TestCase.php","line":357,"function":"run","class":"PHPUnit\\Framework\\TestRunner","type":"-\u003E"},{"file":"\/home\/ronan\/dev\/php\/home-cloud\/vendor\/phpunit\/phpunit\/src\/Framework\/TestSuite.php","line":374,"function":"run","class":"PHPUnit\\Framework\\TestCase","type":"-\u003E"},{"file":"\/home\/ronan\/dev\/php\/home-cloud\/vendor\/phpunit\/phpunit\/src\/Framework\/TestSuite.php","line":374,"function":"run","class":"PHPUnit\\Framework\\TestSuite","type":"-\u003E"},{"file":"\/home\/ronan\/dev\/php\/home-cloud\/vendor\/phpunit\/phpunit\/src\/Framework\/TestSuite.php","line":374,"function":"run","class":"PHPUnit\\Framework\\TestSuite","type":"-\u003E"},{"file":"\/home\/ronan\/dev\/php\/home-cloud\/vendor\/phpunit\/phpunit\/src\/TextUI\/TestRunner.php","line":64,"function":"run","class":"PHPUnit\\Framework\\TestSuite","type":"-\u003E"},{"file":"\/home\/ronan\/dev\/php\/home-cloud\/vendor\/phpunit\/phpunit\/src\/TextUI\/Application.php","line":229,"function":"run","class":"PHPUnit\\TextUI\\TestRunner","type":"-\u003E"},{"file":"\/home\/ronan\/dev\/php\/home-cloud\/vendor\/phpunit\/phpunit\/phpunit","line":104,"function":"run","class":"PHPUnit\\TextUI\\Application","type":"-\u003E"},{"file":"\/home\/ronan\/dev\/php\/home-cloud\/bin\/phpunit","line":10,"function":"require"}],"description":"The content-type \u0022application\/json\u0022 is not supported. Supported MIME types are \u0022application\/ld+json\u0022."}

/home/ronan/dev/php/home-cloud/vendor/symfony/framework-bundle/Test/BrowserKitAssertionsTrait.php:148
/home/ronan/dev/php/home-cloud/vendor/symfony/framework-bundle/Test/BrowserKitAssertionsTrait.php:38
/home/ronan/dev/php/home-cloud/tests/Api/PrivateSpaceCrudTest.php:96
/home/ronan/dev/php/home-cloud/vendor/phpunit/phpunit/phpunit:104</failure>
        </testcase>
        <testcase name="testDeletePrivateSpace" file="/home/ronan/dev/php/home-cloud/tests/Api/PrivateSpaceCrudTest.php" line="99" class="App\Tests\Api\PrivateSpaceCrudTest" classname="App.Tests.Api.PrivateSpaceCrudTest" assertions="0" time="0.012251">
          <error type="Symfony\Component\HttpClient\Exception\ClientException">App\Tests\Api\PrivateSpaceCrudTest::testDeletePrivateSpace
Symfony\Component\HttpClient\Exception\ClientException: An error occurred

The content-type "application/json" is not supported. Supported MIME types are "application/ld+json".

/home/ronan/dev/php/home-cloud/vendor/api-platform/symfony/Bundle/Test/Response.php:80
/home/ronan/dev/php/home-cloud/vendor/api-platform/symfony/Bundle/Test/Response.php:94
/home/ronan/dev/php/home-cloud/vendor/api-platform/symfony/Bundle/Test/Response.php:125
/home/ronan/dev/php/home-cloud/tests/Api/PrivateSpaceCrudTest.php:108
/home/ronan/dev/php/home-cloud/vendor/phpunit/phpunit/phpunit:104</error>
        </testcase>
        <testcase name="testDeleteNonExistentPrivateSpace" file="/home/ronan/dev/php/home-cloud/tests/Api/PrivateSpaceCrudTest.php" line="115" class="App\Tests\Api\PrivateSpaceCrudTest" classname="App.Tests.Api.PrivateSpaceCrudTest" assertions="1" time="0.013866"/>
      </testsuite>
      <testsuite name="App\Tests\Controller\ApiControllerTest" file="/home/ronan/dev/php/home-cloud/tests/Controller/ApiControllerTest.php" tests="1" assertions="1" errors="0" failures="0" skipped="0" time="0.014539">
        <testcase name="testIndex" file="/home/ronan/dev/php/home-cloud/tests/Controller/ApiControllerTest.php" line="9" class="App\Tests\Controller\ApiControllerTest" classname="App.Tests.Controller.ApiControllerTest" assertions="1" time="0.014539"/>
      </testsuite>
    </testsuite>
  </testsuite>
</testsuites>
